This file contains any messages produced by compilers while
running configure, to aid debugging if configure makes a mistake.

It was created by libcdio configure 0.76, which was
generated by GNU Autoconf 2.59.  Invocation command line was

  $ ./configure --prefix=/usr/local --without-cd-drive --without-cd-info --without-cd-paranoia --without-cdda-player --with-cd-paranoia-name --without-cd-read --without-iso-info --without-iso-read --with-gnu-ld --enable-static=no --without-test

## --------- ##
## Platform. ##
## --------- ##

hostname = RollerCoaster
uname -m = i686
uname -r = 2.6.11.11
uname -s = Linux
uname -v = #1 Tue Jun 7 17:46:15 CEST 2005

/usr/bin/uname -p = unknown
/bin/uname -X     = unknown

/bin/arch              = i686
/usr/bin/arch -k       = unknown
/usr/convex/getsysinfo = unknown
hostinfo               = unknown
/bin/machine           = unknown
/usr/bin/oslevel       = unknown
/bin/universe          = unknown

PATH: /home/thiemo/bin
PATH: /usr/local/bin
PATH: /usr/bin
PATH: /usr/X11R6/bin
PATH: /bin
PATH: /usr/games
PATH: /opt/gnome/bin
PATH: /opt/kde3/bin
PATH: /usr/lib/jvm/jre/bin


## ----------- ##
## Core tests. ##
## ----------- ##

configure:1573: checking for a BSD-compatible install
configure:1628: result: /usr/bin/install -c
configure:1639: checking whether build environment is sane
configure:1682: result: yes
configure:1747: checking for gawk
configure:1763: found /usr/bin/gawk
configure:1773: result: gawk
configure:1783: checking whether make sets $(MAKE)
configure:1803: result: yes
configure:1978: checking build system type
configure:1996: result: i686-pc-linux-gnu
configure:2004: checking host system type
configure:2018: result: i686-pc-linux-gnu
configure:2038: checking whether to enable maintainer-specific portions of Makefiles
configure:2047: result: no
configure:2063: checking whether build environment is sane
configure:2106: result: yes
configure:2257: checking for gcc
configure:2273: found /usr/local/bin/gcc
configure:2283: result: gcc
configure:2527: checking for C compiler version
configure:2530: gcc --version </dev/null >&5
gcc (GCC) 3.3.5 20050117 (prerelease) (SUSE Linux)
Copyright (C) 2003 Free Software Foundation, Inc.
This is free software; see the source for copying conditions.  There is NO
warranty; not even for MERCHANTABILITY or FITNESS FOR A PARTICULAR PURPOSE.

configure:2533: $? = 0
configure:2535: gcc -v </dev/null >&5
Reading specs from /usr/lib/gcc-lib/i586-suse-linux/3.3.5/specs
Configured with: ../configure --enable-threads=posix --prefix=/usr --with-local-prefix=/usr/local --infodir=/usr/share/info --mandir=/usr/share/man --enable-languages=c,c++,f77,objc,java,ada --disable-checking --libdir=/usr/lib --enable-libgcj --with-slibdir=/lib --with-system-zlib --enable-shared --enable-__cxa_atexit i586-suse-linux
Thread model: posix
gcc version 3.3.5 20050117 (prerelease) (SUSE Linux)
configure:2538: $? = 0
configure:2540: gcc -V </dev/null >&5
gcc: `-V' option must have argument
configure:2543: $? = 1
configure:2566: checking for C compiler default output file name
configure:2569: gcc    conftest.c  >&5
configure:2572: $? = 0
configure:2618: result: a.out
configure:2623: checking whether the C compiler works
configure:2629: ./a.out
configure:2632: $? = 0
configure:2649: result: yes
configure:2656: checking whether we are cross compiling
configure:2658: result: no
configure:2661: checking for suffix of executables
configure:2663: gcc -o conftest    conftest.c  >&5
configure:2666: $? = 0
configure:2691: result: 
configure:2697: checking for suffix of object files
configure:2718: gcc -c   conftest.c >&5
configure:2721: $? = 0
configure:2743: result: o
configure:2747: checking whether we are using the GNU C compiler
configure:2771: gcc -c   conftest.c >&5
configure:2777: $? = 0
configure:2781: test -z 
			 || test ! -s conftest.err
configure:2784: $? = 0
configure:2787: test -s conftest.o
configure:2790: $? = 0
configure:2803: result: yes
configure:2809: checking whether gcc accepts -g
configure:2830: gcc -c -g  conftest.c >&5
configure:2836: $? = 0
configure:2840: test -z 
			 || test ! -s conftest.err
configure:2843: $? = 0
configure:2846: test -s conftest.o
configure:2849: $? = 0
configure:2860: result: yes
configure:2877: checking for gcc option to accept ANSI C
configure:2947: gcc  -c -g -O2  conftest.c >&5
configure:2953: $? = 0
configure:2957: test -z 
			 || test ! -s conftest.err
configure:2960: $? = 0
configure:2963: test -s conftest.o
configure:2966: $? = 0
configure:2984: result: none needed
configure:3002: gcc -c -g -O2  conftest.c >&5
conftest.c:2: error: syntax error before "me"
configure:3008: $? = 1
configure: failed program was:
| #ifndef __cplusplus
|   choke me
| #endif
configure:3152: checking for style of include used by make
configure:3180: result: GNU
configure:3208: checking dependency style of gcc
configure:3298: result: gcc3
configure:3367: checking for g++
configure:3383: found /usr/local/bin/g++
configure:3393: result: g++
configure:3409: checking for C++ compiler version
configure:3412: g++ --version </dev/null >&5
g++ (GCC) 3.3.5 20050117 (prerelease) (SUSE Linux)
Copyright (C) 2003 Free Software Foundation, Inc.
This is free software; see the source for copying conditions.  There is NO
warranty; not even for MERCHANTABILITY or FITNESS FOR A PARTICULAR PURPOSE.

configure:3415: $? = 0
configure:3417: g++ -v </dev/null >&5
Reading specs from /usr/lib/gcc-lib/i586-suse-linux/3.3.5/specs
Configured with: ../configure --enable-threads=posix --prefix=/usr --with-local-prefix=/usr/local --infodir=/usr/share/info --mandir=/usr/share/man --enable-languages=c,c++,f77,objc,java,ada --disable-checking --libdir=/usr/lib --enable-libgcj --with-slibdir=/lib --with-system-zlib --enable-shared --enable-__cxa_atexit i586-suse-linux
Thread model: posix
gcc version 3.3.5 20050117 (prerelease) (SUSE Linux)
configure:3420: $? = 0
configure:3422: g++ -V </dev/null >&5
g++: `-V' option must have argument
configure:3425: $? = 1
configure:3428: checking whether we are using the GNU C++ compiler
configure:3452: g++ -c   conftest.cc >&5
configure:3458: $? = 0
configure:3462: test -z 
			 || test ! -s conftest.err
configure:3465: $? = 0
configure:3468: test -s conftest.o
configure:3471: $? = 0
configure:3484: result: yes
configure:3490: checking whether g++ accepts -g
configure:3511: g++ -c -g  conftest.cc >&5
configure:3517: $? = 0
configure:3521: test -z 
			 || test ! -s conftest.err
configure:3524: $? = 0
configure:3527: test -s conftest.o
configure:3530: $? = 0
configure:3541: result: yes
configure:3583: g++ -c -g -O2  conftest.cc >&5
configure:3589: $? = 0
configure:3593: test -z 
			 || test ! -s conftest.err
configure:3596: $? = 0
configure:3599: test -s conftest.o
configure:3602: $? = 0
configure:3628: g++ -c -g -O2  conftest.cc >&5
conftest.cc: In function `int main()':
conftest.cc:15: error: `exit' undeclared (first use this function)
conftest.cc:15: error: (Each undeclared identifier is reported only once for 
   each function it appears in.)
configure:3634: $? = 1
configure: failed program was:
| /* confdefs.h.  */
| 
| #define PACKAGE_NAME "libcdio"
| #define PACKAGE_TARNAME "libcdio"
| #define PACKAGE_VERSION "0.76"
| #define PACKAGE_STRING "libcdio 0.76"
| #define PACKAGE_BUGREPORT ""
| #define PACKAGE "libcdio"
| #define VERSION "0.76"
| /* end confdefs.h.  */
| 
| int
| main ()
| {
| exit (42);
|   ;
|   return 0;
| }
configure:3583: g++ -c -g -O2  conftest.cc >&5
configure:3589: $? = 0
configure:3593: test -z 
			 || test ! -s conftest.err
configure:3596: $? = 0
configure:3599: test -s conftest.o
configure:3602: $? = 0
configure:3628: g++ -c -g -O2  conftest.cc >&5
configure:3634: $? = 0
configure:3638: test -z 
			 || test ! -s conftest.err
configure:3641: $? = 0
configure:3644: test -s conftest.o
configure:3647: $? = 0
configure:3672: checking dependency style of g++
configure:3762: result: gcc3
configure:3786: checking how to run the C preprocessor
configure:3821: gcc -E  conftest.c
configure:3827: $? = 0
configure:3859: gcc -E  conftest.c
conftest.c:14:28: ac_nonexistent.h: No such file or directory
configure:3865: $? = 1
configure: failed program was:
| /* confdefs.h.  */
| 
| #define PACKAGE_NAME "libcdio"
| #define PACKAGE_TARNAME "libcdio"
| #define PACKAGE_VERSION "0.76"
| #define PACKAGE_STRING "libcdio 0.76"
| #define PACKAGE_BUGREPORT ""
| #define PACKAGE "libcdio"
| #define VERSION "0.76"
| #ifdef __cplusplus
| extern "C" void std::exit (int) throw (); using std::exit;
| #endif
| /* end confdefs.h.  */
| #include <ac_nonexistent.h>
configure:3904: result: gcc -E
configure:3928: gcc -E  conftest.c
configure:3934: $? = 0
configure:3966: gcc -E  conftest.c
conftest.c:14:28: ac_nonexistent.h: No such file or directory
configure:3972: $? = 1
configure: failed program was:
| /* confdefs.h.  */
| 
| #define PACKAGE_NAME "libcdio"
| #define PACKAGE_TARNAME "libcdio"
| #define PACKAGE_VERSION "0.76"
| #define PACKAGE_STRING "libcdio 0.76"
| #define PACKAGE_BUGREPORT ""
| #define PACKAGE "libcdio"
| #define VERSION "0.76"
| #ifdef __cplusplus
| extern "C" void std::exit (int) throw (); using std::exit;
| #endif
| /* end confdefs.h.  */
| #include <ac_nonexistent.h>
configure:4016: checking for egrep
configure:4026: result: grep -E
configure:4032: checking for AIX
configure:4054: result: no
configure:4074: checking whether gcc understands -Wall
configure:4092: gcc -c -g -O2 -Wall  conftest.c >&5
configure:4098: $? = 0
configure:4102: test -z 
			 || test ! -s conftest.err
configure:4105: $? = 0
configure:4108: test -s conftest.o
configure:4111: $? = 0
configure:4122: result: yes
configure:4074: checking whether gcc understands -Wchar-subscripts
configure:4092: gcc -c -g -O2 -Wchar-subscripts  conftest.c >&5
configure:4098: $? = 0
configure:4102: test -z 
			 || test ! -s conftest.err
configure:4105: $? = 0
configure:4108: test -s conftest.o
configure:4111: $? = 0
configure:4122: result: yes
configure:4074: checking whether gcc understands -Wmissing-prototypes
configure:4092: gcc -c -g -O2 -Wmissing-prototypes  conftest.c >&5
configure:4098: $? = 0
configure:4102: test -z 
			 || test ! -s conftest.err
configure:4105: $? = 0
configure:4108: test -s conftest.o
configure:4111: $? = 0
configure:4122: result: yes
configure:4074: checking whether gcc understands -Wmissing-declarations
configure:4092: gcc -c -g -O2 -Wmissing-declarations  conftest.c >&5
configure:4098: $? = 0
configure:4102: test -z 
			 || test ! -s conftest.err
configure:4105: $? = 0
configure:4108: test -s conftest.o
configure:4111: $? = 0
configure:4122: result: yes
configure:4074: checking whether gcc understands -Wunused
configure:4092: gcc -c -g -O2 -Wunused  conftest.c >&5
configure:4098: $? = 0
configure:4102: test -z 
			 || test ! -s conftest.err
configure:4105: $? = 0
configure:4108: test -s conftest.o
configure:4111: $? = 0
configure:4122: result: yes
configure:4074: checking whether gcc understands -Wpointer-arith
configure:4092: gcc -c -g -O2 -Wpointer-arith  conftest.c >&5
configure:4098: $? = 0
configure:4102: test -z 
			 || test ! -s conftest.err
configure:4105: $? = 0
configure:4108: test -s conftest.o
configure:4111: $? = 0
configure:4122: result: yes
configure:4074: checking whether gcc understands -Wwrite-strings
configure:4092: gcc -c -g -O2 -Wwrite-strings  conftest.c >&5
configure:4098: $? = 0
configure:4102: test -z 
			 || test ! -s conftest.err
configure:4105: $? = 0
configure:4108: test -s conftest.o
configure:4111: $? = 0
configure:4122: result: yes
configure:4074: checking whether gcc understands -Wnested-externs
configure:4092: gcc -c -g -O2 -Wnested-externs  conftest.c >&5
configure:4098: $? = 0
configure:4102: test -z 
			 || test ! -s conftest.err
configure:4105: $? = 0
configure:4108: test -s conftest.o
configure:4111: $? = 0
configure:4122: result: yes
configure:4074: checking whether gcc understands -Wno-sign-compare
configure:4092: gcc -c -g -O2 -Wno-sign-compare  conftest.c >&5
configure:4098: $? = 0
configure:4102: test -z 
			 || test ! -s conftest.err
configure:4105: $? = 0
configure:4108: test -s conftest.o
configure:4111: $? = 0
configure:4122: result: yes
configure:4137: checking for perl
configure:4155: found /usr/bin/perl
configure:4168: result: /usr/bin/perl
configure:4190: checking for diff
configure:4208: found /usr/bin/diff
configure:4221: result: /usr/bin/diff
configure:4276: result: adding -w to diff in regression tests
configure:4276: result: adding --unified to diff in regression tests
configure:4288: checking for cmp
configure:4306: found /usr/bin/cmp
configure:4319: result: /usr/bin/cmp
configure:4330: checking for cdparanoia
configure:4348: found /usr/bin/cdparanoia
configure:4361: result: /usr/bin/cdparanoia
configure:4389: checking for libpopt library
configure:4430: gcc -o conftest -g -O2    conftest.c -lpopt  >&5
conftest.c:15:18: popt.h: No such file or directory
conftest.c: In function `main':
conftest.c:21: error: elements of array `options' have incomplete type
conftest.c:23: error: `POPT_AUTOHELP' undeclared (first use in this function)
conftest.c:23: error: (Each undeclared identifier is reported only once
conftest.c:23: error: for each function it appears in.)
conftest.c:23: error: syntax error before '{' token
conftest.c:23: warning: excess elements in struct initializer
conftest.c:23: warning: (near initialization for `options[1]')
conftest.c:23: warning: excess elements in struct initializer
conftest.c:23: warning: (near initialization for `options[2]')
conftest.c:23: error: `NULL' undeclared (first use in this function)
conftest.c:23: warning: excess elements in struct initializer
conftest.c:23: warning: (near initialization for `options[4]')
conftest.c:21: error: array size missing in `options'
conftest.c:21: error: storage size of `options' isn't known
conftest.c:24: error: syntax error before '{' token
conftest.c: At top level:
conftest.c:28: error: syntax error before "context"
conftest.c:28: error: `argc' undeclared here (not in a function)
conftest.c:28: error: `argv' undeclared here (not in a function)
conftest.c:28: error: `options' undeclared here (not in a function)
conftest.c:28: error: initializer element is not constant
conftest.c:28: warning: data definition has no type or storage class
conftest.c:29: error: syntax error before string constant
conftest.c:29: warning: data definition has no type or storage class
conftest.c:30: warning: parameter names (without types) in function declaration
conftest.c:30: warning: data definition has no type or storage class
conftest.c:32: error: syntax error before "return"
configure:4433: $? = 1
configure: program exited with status 1
configure: failed program was:
| /* confdefs.h.  */
| 
| #define PACKAGE_NAME "libcdio"
| #define PACKAGE_TARNAME "libcdio"
| #define PACKAGE_VERSION "0.76"
| #define PACKAGE_STRING "libcdio 0.76"
| #define PACKAGE_BUGREPORT ""
| #define PACKAGE "libcdio"
| #define VERSION "0.76"
| #ifdef __cplusplus
| extern "C" void std::exit (int) throw (); using std::exit;
| #endif
| /* end confdefs.h.  */
| 
| #include <popt.h>
| 
| int
| main(int argc, const char *argv[])
| {
|   char *s;
|   const struct poptOption options[] = {
|     POPT_AUTOHELP
|     { NULL, 0, 0, NULL, 0, NULL, NULL },
|     {"foo", 'f', POPT_ARG_STRING|POPT_ARGFLAG_OPTIONAL, &s, NULL,
|      "test doc", "FILE"},
|   };
| 
|   poptContext context = poptGetContext("popt-test", argc, argv, options, 0);
|   poptSetOtherOptionHelp (context, "[OPTION...] <argument...>");
|   poptGetNextOpt(context);
| 
|   return 0;
| }
| 
configure:4459: result: no or not new enough - need libpopt 1.7 or greater
configure:4463: WARNING: Diagnostic programs cd-drive, cd-info, cd-read, iso-info, and is-read will not get built.
configure:4484: checking for ANSI C header files
configure:4509: gcc -c -g -O2  conftest.c >&5
configure:4515: $? = 0
configure:4519: test -z 
			 || test ! -s conftest.err
configure:4522: $? = 0
configure:4525: test -s conftest.o
configure:4528: $? = 0
configure:4617: gcc -o conftest -g -O2   conftest.c  >&5
configure:4620: $? = 0
configure:4622: ./conftest
configure:4625: $? = 0
configure:4640: result: yes
configure:4664: checking for sys/types.h
configure:4680: gcc -c -g -O2  conftest.c >&5
configure:4686: $? = 0
configure:4690: test -z 
			 || test ! -s conftest.err
configure:4693: $? = 0
configure:4696: test -s conftest.o
configure:4699: $? = 0
configure:4710: result: yes
configure:4664: checking for sys/stat.h
configure:4680: gcc -c -g -O2  conftest.c >&5
configure:4686: $? = 0
configure:4690: test -z 
			 || test ! -s conftest.err
configure:4693: $? = 0
configure:4696: test -s conftest.o
configure:4699: $? = 0
configure:4710: result: yes
configure:4664: checking for stdlib.h
configure:4680: gcc -c -g -O2  conftest.c >&5
configure:4686: $? = 0
configure:4690: test -z 
			 || test ! -s conftest.err
configure:4693: $? = 0
configure:4696: test -s conftest.o
configure:4699: $? = 0
configure:4710: result: yes
configure:4664: checking for string.h
configure:4680: gcc -c -g -O2  conftest.c >&5
configure:4686: $? = 0
configure:4690: test -z 
			 || test ! -s conftest.err
configure:4693: $? = 0
configure:4696: test -s conftest.o
configure:4699: $? = 0
configure:4710: result: yes
configure:4664: checking for memory.h
configure:4680: gcc -c -g -O2  conftest.c >&5
configure:4686: $? = 0
configure:4690: test -z 
			 || test ! -s conftest.err
configure:4693: $? = 0
configure:4696: test -s conftest.o
configure:4699: $? = 0
configure:4710: result: yes
configure:4664: checking for strings.h
configure:4680: gcc -c -g -O2  conftest.c >&5
configure:4686: $? = 0
configure:4690: test -z 
			 || test ! -s conftest.err
configure:4693: $? = 0
configure:4696: test -s conftest.o
configure:4699: $? = 0
configure:4710: result: yes
configure:4664: checking for inttypes.h
configure:4680: gcc -c -g -O2  conftest.c >&5
configure:4686: $? = 0
configure:4690: test -z 
			 || test ! -s conftest.err
configure:4693: $? = 0
configure:4696: test -s conftest.o
configure:4699: $? = 0
configure:4710: result: yes
configure:4664: checking for stdint.h
configure:4680: gcc -c -g -O2  conftest.c >&5
configure:4686: $? = 0
configure:4690: test -z 
			 || test ! -s conftest.err
configure:4693: $? = 0
configure:4696: test -s conftest.o
configure:4699: $? = 0
configure:4710: result: yes
configure:4664: checking for unistd.h
configure:4680: gcc -c -g -O2  conftest.c >&5
configure:4686: $? = 0
configure:4690: test -z 
			 || test ! -s conftest.err
configure:4693: $? = 0
configure:4696: test -s conftest.o
configure:4699: $? = 0
configure:4710: result: yes
configure:4739: checking errno.h usability
configure:4751: gcc -c -g -O2  conftest.c >&5
configure:4757: $? = 0
configure:4761: test -z 
			 || test ! -s conftest.err
configure:4764: $? = 0
configure:4767: test -s conftest.o
configure:4770: $? = 0
configure:4780: result: yes
configure:4784: checking errno.h presence
configure:4794: gcc -E  conftest.c
configure:4800: $? = 0
configure:4820: result: yes
configure:4855: checking for errno.h
configure:4862: result: yes
configure:4739: checking fcntl.h usability
configure:4751: gcc -c -g -O2  conftest.c >&5
configure:4757: $? = 0
configure:4761: test -z 
			 || test ! -s conftest.err
configure:4764: $? = 0
configure:4767: test -s conftest.o
configure:4770: $? = 0
configure:4780: result: yes
configure:4784: checking fcntl.h presence
configure:4794: gcc -E  conftest.c
configure:4800: $? = 0
configure:4820: result: yes
configure:4855: checking for fcntl.h
configure:4862: result: yes
configure:4739: checking glob.h usability
configure:4751: gcc -c -g -O2  conftest.c >&5
configure:4757: $? = 0
configure:4761: test -z 
			 || test ! -s conftest.err
configure:4764: $? = 0
configure:4767: test -s conftest.o
configure:4770: $? = 0
configure:4780: result: yes
configure:4784: checking glob.h presence
configure:4794: gcc -E  conftest.c
configure:4800: $? = 0
configure:4820: result: yes
configure:4855: checking for glob.h
configure:4862: result: yes
configure:4739: checking pwd.h usability
configure:4751: gcc -c -g -O2  conftest.c >&5
configure:4757: $? = 0
configure:4761: test -z 
			 || test ! -s conftest.err
configure:4764: $? = 0
configure:4767: test -s conftest.o
configure:4770: $? = 0
configure:4780: result: yes
configure:4784: checking pwd.h presence
configure:4794: gcc -E  conftest.c
configure:4800: $? = 0
configure:4820: result: yes
configure:4855: checking for pwd.h
configure:4862: result: yes
configure:4893: checking stdarg.h usability
configure:4905: gcc -c -g -O2  conftest.c >&5
configure:4911: $? = 0
configure:4915: test -z 
			 || test ! -s conftest.err
configure:4918: $? = 0
configure:4921: test -s conftest.o
configure:4924: $? = 0
configure:4934: result: yes
configure:4938: checking stdarg.h presence
configure:4948: gcc -E  conftest.c
configure:4954: $? = 0
configure:4974: result: yes
configure:5009: checking for stdarg.h
configure:5016: result: yes
configure:4893: checking stdbool.h usability
configure:4905: gcc -c -g -O2  conftest.c >&5
configure:4911: $? = 0
configure:4915: test -z 
			 || test ! -s conftest.err
configure:4918: $? = 0
configure:4921: test -s conftest.o
configure:4924: $? = 0
configure:4934: result: yes
configure:4938: checking stdbool.h presence
configure:4948: gcc -E  conftest.c
configure:4954: $? = 0
configure:4974: result: yes
configure:5009: checking for stdbool.h
configure:5016: result: yes
configure:4893: checking stdio.h usability
configure:4905: gcc -c -g -O2  conftest.c >&5
configure:4911: $? = 0
configure:4915: test -z 
			 || test ! -s conftest.err
configure:4918: $? = 0
configure:4921: test -s conftest.o
configure:4924: $? = 0
configure:4934: result: yes
configure:4938: checking stdio.h presence
configure:4948: gcc -E  conftest.c
configure:4954: $? = 0
configure:4974: result: yes
configure:5009: checking for stdio.h
configure:5016: result: yes
configure:4893: checking sys/cdio.h usability
configure:4905: gcc -c -g -O2  conftest.c >&5
conftest.c:66:22: sys/cdio.h: No such file or directory
configure:4911: $? = 1
configure: failed program was:
| /* confdefs.h.  */
| 
| #define PACKAGE_NAME "libcdio"
| #define PACKAGE_TARNAME "libcdio"
| #define PACKAGE_VERSION "0.76"
| #define PACKAGE_STRING "libcdio 0.76"
| #define PACKAGE_BUGREPORT ""
| #define PACKAGE "libcdio"
| #define VERSION "0.76"
| #ifdef __cplusplus
| extern "C" void std::exit (int) throw (); using std::exit;
| #endif
| #define LIBCDIO_CONFIG_H 1
| #define STDC_HEADERS 1
| #define HAVE_SYS_TYPES_H 1
| #define HAVE_SYS_STAT_H 1
| #define HAVE_STDLIB_H 1
| #define HAVE_STRING_H 1
| #define HAVE_MEMORY_H 1
| #define HAVE_STRINGS_H 1
| #define HAVE_INTTYPES_H 1
| #define HAVE_STDINT_H 1
| #define HAVE_UNISTD_H 1
| #define HAVE_ERRNO_H 1
| #define HAVE_FCNTL_H 1
| #define HAVE_GLOB_H 1
| #define HAVE_PWD_H 1
| #define HAVE_STDARG_H 1
| #define HAVE_STDBOOL_H 1
| #define HAVE_STDIO_H 1
| /* end confdefs.h.  */
| #include <stdio.h>
| #if HAVE_SYS_TYPES_H
| # include <sys/types.h>
| #endif
| #if HAVE_SYS_STAT_H
| # include <sys/stat.h>
| #endif
| #if STDC_HEADERS
| # include <stdlib.h>
| # include <stddef.h>
| #else
| # if HAVE_STDLIB_H
| #  include <stdlib.h>
| # endif
| #endif
| #if HAVE_STRING_H
| # if !STDC_HEADERS && HAVE_MEMORY_H
| #  include <memory.h>
| # endif
| # include <string.h>
| #endif
| #if HAVE_STRINGS_H
| # include <strings.h>
| #endif
| #if HAVE_INTTYPES_H
| # include <inttypes.h>
| #else
| # if HAVE_STDINT_H
| #  include <stdint.h>
| # endif
| #endif
| #if HAVE_UNISTD_H
| # include <unistd.h>
| #endif
| #include <sys/cdio.h>
configure:4934: result: no
configure:4938: checking sys/cdio.h presence
configure:4948: gcc -E  conftest.c
conftest.c:32:22: sys/cdio.h: No such file or directory
configure:4954: $? = 1
configure: failed program was:
| /* confdefs.h.  */
| 
| #define PACKAGE_NAME "libcdio"
| #define PACKAGE_TARNAME "libcdio"
| #define PACKAGE_VERSION "0.76"
| #define PACKAGE_STRING "libcdio 0.76"
| #define PACKAGE_BUGREPORT ""
| #define PACKAGE "libcdio"
| #define VERSION "0.76"
| #ifdef __cplusplus
| extern "C" void std::exit (int) throw (); using std::exit;
| #endif
| #define LIBCDIO_CONFIG_H 1
| #define STDC_HEADERS 1
| #define HAVE_SYS_TYPES_H 1
| #define HAVE_SYS_STAT_H 1
| #define HAVE_STDLIB_H 1
| #define HAVE_STRING_H 1
| #define HAVE_MEMORY_H 1
| #define HAVE_STRINGS_H 1
| #define HAVE_INTTYPES_H 1
| #define HAVE_STDINT_H 1
| #define HAVE_UNISTD_H 1
| #define HAVE_ERRNO_H 1
| #define HAVE_FCNTL_H 1
| #define HAVE_GLOB_H 1
| #define HAVE_PWD_H 1
| #define HAVE_STDARG_H 1
| #define HAVE_STDBOOL_H 1
| #define HAVE_STDIO_H 1
| /* end confdefs.h.  */
| #include <sys/cdio.h>
configure:4974: result: no
configure:5009: checking for sys/cdio.h
configure:5016: result: no
configure:4893: checking sys/param.h usability
configure:4905: gcc -c -g -O2  conftest.c >&5
configure:4911: $? = 0
configure:4915: test -z 
			 || test ! -s conftest.err
configure:4918: $? = 0
configure:4921: test -s conftest.o
configure:4924: $? = 0
configure:4934: result: yes
configure:4938: checking sys/param.h presence
configure:4948: gcc -E  conftest.c
configure:4954: $? = 0
configure:4974: result: yes
configure:5009: checking for sys/param.h
configure:5016: result: yes
configure:5045: checking ncurses.h usability
configure:5057: gcc -c -g -O2  conftest.c >&5
configure:5063: $? = 0
configure:5067: test -z 
			 || test ! -s conftest.err
configure:5070: $? = 0
configure:5073: test -s conftest.o
configure:5076: $? = 0
configure:5086: result: yes
configure:5090: checking ncurses.h presence
configure:5100: gcc -E  conftest.c
configure:5106: $? = 0
configure:5126: result: yes
configure:5161: checking for ncurses.h
configure:5168: result: yes
configure:5188: checking whether byte ordering is bigendian
configure:5215: gcc -c -g -O2  conftest.c >&5
configure:5221: $? = 0
configure:5225: test -z 
			 || test ! -s conftest.err
configure:5228: $? = 0
configure:5231: test -s conftest.o
configure:5234: $? = 0
configure:5258: gcc -c -g -O2  conftest.c >&5
conftest.c: In function `main':
conftest.c:41: error: `not' undeclared (first use in this function)
conftest.c:41: error: (Each undeclared identifier is reported only once
conftest.c:41: error: for each function it appears in.)
conftest.c:41: error: syntax error before "big"
configure:5264: $? = 1
configure: failed program was:
| /* confdefs.h.  */
| 
| #define PACKAGE_NAME "libcdio"
| #define PACKAGE_TARNAME "libcdio"
| #define PACKAGE_VERSION "0.76"
| #define PACKAGE_STRING "libcdio 0.76"
| #define PACKAGE_BUGREPORT ""
| #define PACKAGE "libcdio"
| #define VERSION "0.76"
| #ifdef __cplusplus
| extern "C" void std::exit (int) throw (); using std::exit;
| #endif
| #define LIBCDIO_CONFIG_H 1
| #define STDC_HEADERS 1
| #define HAVE_SYS_TYPES_H 1
| #define HAVE_SYS_STAT_H 1
| #define HAVE_STDLIB_H 1
| #define HAVE_STRING_H 1
| #define HAVE_MEMORY_H 1
| #define HAVE_STRINGS_H 1
| #define HAVE_INTTYPES_H 1
| #define HAVE_STDINT_H 1
| #define HAVE_UNISTD_H 1
| #define HAVE_ERRNO_H 1
| #define HAVE_FCNTL_H 1
| #define HAVE_GLOB_H 1
| #define HAVE_PWD_H 1
| #define HAVE_STDARG_H 1
| #define HAVE_STDBOOL_H 1
| #define HAVE_STDIO_H 1
| #define HAVE_SYS_PARAM_H 1
| #define HAVE_NCURSES_H 1
| /* end confdefs.h.  */
| #include <sys/types.h>
| #include <sys/param.h>
| 
| int
| main ()
| {
| #if BYTE_ORDER != BIG_ENDIAN
|  not big endian
| #endif
| 
|   ;
|   return 0;
| }
configure:5399: result: no
configure:5418: checking for an ANSI C-conforming const
configure:5485: gcc -c -g -O2  conftest.c >&5
configure:5491: $? = 0
configure:5495: test -z 
			 || test ! -s conftest.err
configure:5498: $? = 0
configure:5501: test -s conftest.o
configure:5504: $? = 0
configure:5515: result: yes
configure:5525: checking for inline
configure:5546: gcc -c -g -O2  conftest.c >&5
configure:5552: $? = 0
configure:5556: test -z 
			 || test ! -s conftest.err
configure:5559: $? = 0
configure:5562: test -s conftest.o
configure:5565: $? = 0
configure:5577: result: inline
configure:5597: checking whether gcc supports ISOC99 _Pragma()
configure:5615: gcc -c -g -O2  conftest.c >&5
configure:5621: $? = 0
configure:5625: test -z 
			 || test ! -s conftest.err
configure:5628: $? = 0
configure:5631: test -s conftest.o
configure:5634: $? = 0
configure:5651: result: yes
configure:5657: checking for GNU getopt_long
configure:5693: gcc -o conftest -g -O2   conftest.c  >&5
configure:5696: $? = 0
configure:5698: ./conftest
configure:5701: $? = 0
configure:5703: result: yes
configure:5735: checking for S_ISLNK() macro
configure:5759: gcc -o conftest -g -O2   conftest.c  >&5
configure:5762: $? = 0
configure:5764: ./conftest
configure:5767: $? = 0
configure:5769: result: yes
configure:5788: checking for S_ISSOCK() macro
configure:5812: gcc -o conftest -g -O2   conftest.c  >&5
configure:5815: $? = 0
configure:5817: ./conftest
configure:5820: $? = 0
configure:5822: result: yes
configure:5841: checking how to create empty arrays
configure:5861: gcc -c -g -O2  conftest.c >&5
configure:5867: $? = 0
configure:5871: test -z 
			 || test ! -s conftest.err
configure:5874: $? = 0
configure:5877: test -s conftest.o
configure:5880: $? = 0
configure:5951: result: []
configure:5955: checking bitfield ordering in structs
configure:5983: gcc -o conftest -g -O2   conftest.c  >&5
configure:5986: $? = 0
configure:5988: ./conftest
configure:5991: $? = 0
configure:6053: result: LSBF
configure:6137: checking for a sed that does not truncate output
configure:6191: result: /usr/bin/sed
configure:6205: checking for ld used by gcc
configure:6272: result: /usr/i586-suse-linux/bin/ld
configure:6281: checking if the linker (/usr/i586-suse-linux/bin/ld) is GNU ld
configure:6296: result: yes
configure:6301: checking for /usr/i586-suse-linux/bin/ld option to reload object files
configure:6308: result: -r
configure:6326: checking for BSD-compatible nm
configure:6368: result: /usr/bin/nm -B
configure:6372: checking whether ln -s works
configure:6376: result: yes
configure:6383: checking how to recognise dependent libraries
configure:6555: result: pass_all
configure:6777: checking dlfcn.h usability
configure:6789: gcc -c -g -O2  conftest.c >&5
configure:6795: $? = 0
configure:6799: test -z 
			 || test ! -s conftest.err
configure:6802: $? = 0
configure:6805: test -s conftest.o
configure:6808: $? = 0
configure:6818: result: yes
configure:6822: checking dlfcn.h presence
configure:6832: gcc -E  conftest.c
configure:6838: $? = 0
configure:6858: result: yes
configure:6893: checking for dlfcn.h
configure:6900: result: yes
configure:6923: checking how to run the C++ preprocessor
configure:6954: g++ -E  conftest.cc
configure:6960: $? = 0
configure:6992: g++ -E  conftest.cc
conftest.cc:41:28: ac_nonexistent.h: No such file or directory
configure:6998: $? = 1
configure: failed program was:
| /* confdefs.h.  */
| 
| #define PACKAGE_NAME "libcdio"
| #define PACKAGE_TARNAME "libcdio"
| #define PACKAGE_VERSION "0.76"
| #define PACKAGE_STRING "libcdio 0.76"
| #define PACKAGE_BUGREPORT ""
| #define PACKAGE "libcdio"
| #define VERSION "0.76"
| #ifdef __cplusplus
| extern "C" void std::exit (int) throw (); using std::exit;
| #endif
| #define LIBCDIO_CONFIG_H 1
| #define STDC_HEADERS 1
| #define HAVE_SYS_TYPES_H 1
| #define HAVE_SYS_STAT_H 1
| #define HAVE_STDLIB_H 1
| #define HAVE_STRING_H 1
| #define HAVE_MEMORY_H 1
| #define HAVE_STRINGS_H 1
| #define HAVE_INTTYPES_H 1
| #define HAVE_STDINT_H 1
| #define HAVE_UNISTD_H 1
| #define HAVE_ERRNO_H 1
| #define HAVE_FCNTL_H 1
| #define HAVE_GLOB_H 1
| #define HAVE_PWD_H 1
| #define HAVE_STDARG_H 1
| #define HAVE_STDBOOL_H 1
| #define HAVE_STDIO_H 1
| #define HAVE_SYS_PARAM_H 1
| #define HAVE_NCURSES_H 1
| #define HAVE_ISOC99_PRAGMA
| #define HAVE_GETOPT_LONG
| #define HAVE_S_ISLNK
| #define HAVE_S_ISSOCK
| #define EMPTY_ARRAY_SIZE 
| #define BITFIELD_LSBF
| #define HAVE_DLFCN_H 1
| /* end confdefs.h.  */
| #include <ac_nonexistent.h>
configure:7037: result: g++ -E
configure:7061: g++ -E  conftest.cc
configure:7067: $? = 0
configure:7099: g++ -E  conftest.cc
conftest.cc:41:28: ac_nonexistent.h: No such file or directory
configure:7105: $? = 1
configure: failed program was:
| /* confdefs.h.  */
| 
| #define PACKAGE_NAME "libcdio"
| #define PACKAGE_TARNAME "libcdio"
| #define PACKAGE_VERSION "0.76"
| #define PACKAGE_STRING "libcdio 0.76"
| #define PACKAGE_BUGREPORT ""
| #define PACKAGE "libcdio"
| #define VERSION "0.76"
| #ifdef __cplusplus
| extern "C" void std::exit (int) throw (); using std::exit;
| #endif
| #define LIBCDIO_CONFIG_H 1
| #define STDC_HEADERS 1
| #define HAVE_SYS_TYPES_H 1
| #define HAVE_SYS_STAT_H 1
| #define HAVE_STDLIB_H 1
| #define HAVE_STRING_H 1
| #define HAVE_MEMORY_H 1
| #define HAVE_STRINGS_H 1
| #define HAVE_INTTYPES_H 1
| #define HAVE_STDINT_H 1
| #define HAVE_UNISTD_H 1
| #define HAVE_ERRNO_H 1
| #define HAVE_FCNTL_H 1
| #define HAVE_GLOB_H 1
| #define HAVE_PWD_H 1
| #define HAVE_STDARG_H 1
| #define HAVE_STDBOOL_H 1
| #define HAVE_STDIO_H 1
| #define HAVE_SYS_PARAM_H 1
| #define HAVE_NCURSES_H 1
| #define HAVE_ISOC99_PRAGMA
| #define HAVE_GETOPT_LONG
| #define HAVE_S_ISLNK
| #define HAVE_S_ISSOCK
| #define EMPTY_ARRAY_SIZE 
| #define BITFIELD_LSBF
| #define HAVE_DLFCN_H 1
| /* end confdefs.h.  */
| #include <ac_nonexistent.h>
configure:7202: checking for g77
configure:7231: result: no
configure:7202: checking for f77
configure:7231: result: no
configure:7202: checking for xlf
configure:7231: result: no
configure:7202: checking for frt
configure:7231: result: no
configure:7202: checking for pgf77
configure:7231: result: no
configure:7202: checking for fort77
configure:7231: result: no
configure:7202: checking for fl32
configure:7231: result: no
configure:7202: checking for af77
configure:7231: result: no
configure:7202: checking for f90
configure:7231: result: no
configure:7202: checking for xlf90
configure:7231: result: no
configure:7202: checking for pgf90
configure:7231: result: no
configure:7202: checking for epcf90
configure:7231: result: no
configure:7202: checking for f95
configure:7231: result: no
configure:7202: checking for fort
configure:7231: result: no
configure:7202: checking for xlf95
configure:7231: result: no
configure:7202: checking for ifc
configure:7231: result: no
configure:7202: checking for efc
configure:7231: result: no
configure:7202: checking for pgf95
configure:7231: result: no
configure:7202: checking for lf95
configure:7231: result: no
configure:7202: checking for gfortran
configure:7231: result: no
configure:7243: checking for Fortran 77 compiler version
configure:7246:  --version </dev/null >&5
./configure: line 7247: --version: command not found
configure:7249: $? = 127
configure:7251:  -v </dev/null >&5
./configure: line 7252: -v: command not found
configure:7254: $? = 127
configure:7256:  -V </dev/null >&5
./configure: line 7257: -V: command not found
configure:7259: $? = 127
configure:7267: checking whether we are using the GNU Fortran 77 compiler
configure:7281:  -c  conftest.F >&5
./configure: line 7282: -c: command not found
configure:7287: $? = 127
configure: failed program was:
|       program main
| #ifndef __GNUC__
|        choke me
| #endif
| 
|       end
configure:7313: result: no
configure:7319: checking whether  accepts -g
configure:7331:  -c -g conftest.f >&5
./configure: line 7332: -c: command not found
configure:7337: $? = 127
configure: failed program was:
|       program main
| 
|       end
configure:7362: result: no
configure:7392: checking the maximum length of command line arguments
configure:7484: result: 32768
configure:7495: checking command to parse /usr/bin/nm -B output from gcc object
configure:7591: gcc -c -g -O2  conftest.c >&5
configure:7594: $? = 0
configure:7598: /usr/bin/nm -B conftest.o \| sed -n -e 's/^.*[ 	]\([ABCDGIRSTW][ABCDGIRSTW]*\)[ 	][ 	]*\([_A-Za-z][_A-Za-z0-9]*\)$/\1 \2 \2/p' \> conftest.nm
configure:7601: $? = 0
configure:7653: gcc -o conftest -g -O2   conftest.c conftstm.o >&5
configure:7656: $? = 0
configure:7694: result: ok
configure:7698: checking for objdir
configure:7713: result: .libs
configure:7803: checking for ar
configure:7819: found /usr/bin/ar
configure:7830: result: ar
configure:7883: checking for ranlib
configure:7899: found /usr/bin/ranlib
configure:7910: result: ranlib
configure:7963: checking for strip
configure:7979: found /usr/bin/strip
configure:7990: result: strip
configure:8277: checking if gcc static flag  works
configure:8305: result: yes
configure:8323: checking if gcc supports -fno-rtti -fno-exceptions
configure:8341: gcc -c -g -O2  -fno-rtti -fno-exceptions conftest.c >&5
cc1: warning: "-fno-rtti" is valid for C++ but not for C/ObjC
configure:8345: $? = 0
configure:8358: result: no
configure:8373: checking for gcc option to produce PIC
configure:8577: result: -fPIC
configure:8585: checking if gcc PIC flag -fPIC works
configure:8603: gcc -c -g -O2  -fPIC -DPIC conftest.c >&5
configure:8607: $? = 0
configure:8620: result: yes
configure:8644: checking if gcc supports -c -o file.o
configure:8665: gcc -c -g -O2  -o out/conftest2.o conftest.c >&5
configure:8669: $? = 0
configure:8691: result: yes
configure:8717: checking whether the gcc linker (/usr/i586-suse-linux/bin/ld) supports shared libraries
configure:9612: result: yes
configure:9638: checking whether -lc should be explicitly linked in
configure:9643: gcc -c -g -O2  conftest.c >&5
configure:9646: $? = 0
configure:9660: gcc -shared conftest.o  -v -Wl,-soname -Wl,conftest -o conftest 2\>\&1 \| grep  -lc  \>/dev/null 2\>\&1
configure:9663: $? = 0
configure:9675: result: no
configure:9683: checking dynamic linker characteristics
configure:10246: result: GNU/Linux ld.so
configure:10250: checking how to hardcode library paths into programs
configure:10275: result: immediate
configure:10289: checking whether stripping libraries is possible
configure:10294: result: yes
configure:11124: checking if libtool supports shared libraries
configure:11126: result: yes
configure:11129: checking whether to build shared libraries
configure:11150: result: yes
configure:11153: checking whether to build static libraries
configure:11157: result: no
configure:11249: creating libtool
configure:11827: checking for ld used by g++
configure:11894: result: /usr/i586-suse-linux/bin/ld
configure:11903: checking if the linker (/usr/i586-suse-linux/bin/ld) is GNU ld
configure:11918: result: yes
configure:11969: checking whether the g++ linker (/usr/i586-suse-linux/bin/ld) supports shared libraries
configure:12856: result: yes
configure:12874: g++ -c -g -O2  conftest.cc >&5
configure:12877: $? = 0
configure:12973: checking for g++ option to produce PIC
configure:13241: result: -fPIC
configure:13249: checking if g++ PIC flag -fPIC works
configure:13267: g++ -c -g -O2  -fPIC -DPIC conftest.cc >&5
configure:13271: $? = 0
configure:13284: result: yes
configure:13308: checking if g++ supports -c -o file.o
configure:13329: g++ -c -g -O2  -o out/conftest2.o conftest.cc >&5
configure:13333: $? = 0
configure:13355: result: yes
configure:13381: checking whether the g++ linker (/usr/i586-suse-linux/bin/ld) supports shared libraries
configure:13406: result: yes
configure:13477: checking dynamic linker characteristics
configure:14040: result: GNU/Linux ld.so
configure:14044: checking how to hardcode library paths into programs
configure:14069: result: immediate
configure:14083: checking whether stripping libraries is possible
configure:14088: result: yes
configure:21631: checking for cos in -lm
configure:21661: gcc -o conftest -g -O2   conftest.c -lm   >&5
conftest.c:48: warning: conflicting types for built-in function `cos'
configure:21667: $? = 0
configure:21671: test -z 
			 || test ! -s conftest.err
configure:21674: $? = 0
configure:21677: test -s conftest
configure:21680: $? = 0
configure:21693: result: yes
configure:22042: checking linux/version.h usability
configure:22054: gcc -c -g -O2 -Wall -Wchar-subscripts -Wmissing-prototypes -Wmissing-declarations -Wunused -Wpointer-arith -Wwrite-strings -Wnested-externs -Wno-sign-compare  conftest.c >&5
configure:22060: $? = 0
configure:22064: test -z 
			 || test ! -s conftest.err
configure:22067: $? = 0
configure:22070: test -s conftest.o
configure:22073: $? = 0
configure:22083: result: yes
configure:22087: checking linux/version.h presence
configure:22097: gcc -E  conftest.c
configure:22103: $? = 0
configure:22123: result: yes
configure:22158: checking for linux/version.h
configure:22165: result: yes
configure:22042: checking linux/major.h usability
configure:22054: gcc -c -g -O2 -Wall -Wchar-subscripts -Wmissing-prototypes -Wmissing-declarations -Wunused -Wpointer-arith -Wwrite-strings -Wnested-externs -Wno-sign-compare  conftest.c >&5
configure:22060: $? = 0
configure:22064: test -z 
			 || test ! -s conftest.err
configure:22067: $? = 0
configure:22070: test -s conftest.o
configure:22073: $? = 0
configure:22083: result: yes
configure:22087: checking linux/major.h presence
configure:22097: gcc -E  conftest.c
configure:22103: $? = 0
configure:22123: result: yes
configure:22158: checking for linux/major.h
configure:22165: result: yes
configure:22192: checking linux/cdrom.h usability
configure:22204: gcc -c -g -O2 -Wall -Wchar-subscripts -Wmissing-prototypes -Wmissing-declarations -Wunused -Wpointer-arith -Wwrite-strings -Wnested-externs -Wno-sign-compare  conftest.c >&5
configure:22210: $? = 0
configure:22214: test -z 
			 || test ! -s conftest.err
configure:22217: $? = 0
configure:22220: test -s conftest.o
configure:22223: $? = 0
configure:22233: result: yes
configure:22237: checking linux/cdrom.h presence
configure:22247: gcc -E  conftest.c
configure:22253: $? = 0
configure:22273: result: yes
configure:22308: checking for linux/cdrom.h
configure:22315: result: yes
configure:22348: gcc -c -g -O2 -Wall -Wchar-subscripts -Wmissing-prototypes -Wmissing-declarations -Wunused -Wpointer-arith -Wwrite-strings -Wnested-externs -Wno-sign-compare  conftest.c >&5
conftest.c: In function `main':
conftest.c:51: warning: unused variable `has_timeout'
configure:22354: $? = 0
configure:22358: test -z 
			 || test ! -s conftest.err
configure:22361: $? = 0
configure:22364: test -s conftest.o
configure:22367: $? = 0
configure:22635: checking for bzero
configure:22692: gcc -o conftest -g -O2 -Wall -Wchar-subscripts -Wmissing-prototypes -Wmissing-declarations -Wunused -Wpointer-arith -Wwrite-strings -Wnested-externs -Wno-sign-compare   conftest.c  -lm >&5
conftest.c:71: warning: conflicting types for built-in function `bzero'
configure:22698: $? = 0
configure:22702: test -z 
			 || test ! -s conftest.err
configure:22705: $? = 0
configure:22708: test -s conftest
configure:22711: $? = 0
configure:22723: result: yes
configure:22635: checking for drand48
configure:22692: gcc -o conftest -g -O2 -Wall -Wchar-subscripts -Wmissing-prototypes -Wmissing-declarations -Wunused -Wpointer-arith -Wwrite-strings -Wnested-externs -Wno-sign-compare   conftest.c  -lm >&5
configure:22698: $? = 0
configure:22702: test -z 
			 || test ! -s conftest.err
configure:22705: $? = 0
configure:22708: test -s conftest
configure:22711: $? = 0
configure:22723: result: yes
configure:22635: checking for rand
configure:22692: gcc -o conftest -g -O2 -Wall -Wchar-subscripts -Wmissing-prototypes -Wmissing-declarations -Wunused -Wpointer-arith -Wwrite-strings -Wnested-externs -Wno-sign-compare   conftest.c  -lm >&5
configure:22698: $? = 0
configure:22702: test -z 
			 || test ! -s conftest.err
configure:22705: $? = 0
configure:22708: test -s conftest
configure:22711: $? = 0
configure:22723: result: yes
configure:22635: checking for ftruncate
configure:22692: gcc -o conftest -g -O2 -Wall -Wchar-subscripts -Wmissing-prototypes -Wmissing-declarations -Wunused -Wpointer-arith -Wwrite-strings -Wnested-externs -Wno-sign-compare   conftest.c  -lm >&5
configure:22698: $? = 0
configure:22702: test -z 
			 || test ! -s conftest.err
configure:22705: $? = 0
configure:22708: test -s conftest
configure:22711: $? = 0
configure:22723: result: yes
configure:22635: checking for lstat
configure:22692: gcc -o conftest -g -O2 -Wall -Wchar-subscripts -Wmissing-prototypes -Wmissing-declarations -Wunused -Wpointer-arith -Wwrite-strings -Wnested-externs -Wno-sign-compare   conftest.c  -lm >&5
configure:22698: $? = 0
configure:22702: test -z 
			 || test ! -s conftest.err
configure:22705: $? = 0
configure:22708: test -s conftest
configure:22711: $? = 0
configure:22723: result: yes
configure:22635: checking for memcpy
configure:22692: gcc -o conftest -g -O2 -Wall -Wchar-subscripts -Wmissing-prototypes -Wmissing-declarations -Wunused -Wpointer-arith -Wwrite-strings -Wnested-externs -Wno-sign-compare   conftest.c  -lm >&5
conftest.c:76: warning: conflicting types for built-in function `memcpy'
configure:22698: $? = 0
configure:22702: test -z 
			 || test ! -s conftest.err
configure:22705: $? = 0
configure:22708: test -s conftest
configure:22711: $? = 0
configure:22723: result: yes
configure:22635: checking for memset
configure:22692: gcc -o conftest -g -O2 -Wall -Wchar-subscripts -Wmissing-prototypes -Wmissing-declarations -Wunused -Wpointer-arith -Wwrite-strings -Wnested-externs -Wno-sign-compare   conftest.c  -lm >&5
conftest.c:77: warning: conflicting types for built-in function `memset'
configure:22698: $? = 0
configure:22702: test -z 
			 || test ! -s conftest.err
configure:22705: $? = 0
configure:22708: test -s conftest
configure:22711: $? = 0
configure:22723: result: yes
configure:22635: checking for snprintf
configure:22692: gcc -o conftest -g -O2 -Wall -Wchar-subscripts -Wmissing-prototypes -Wmissing-declarations -Wunused -Wpointer-arith -Wwrite-strings -Wnested-externs -Wno-sign-compare   conftest.c  -lm >&5
conftest.c:78: warning: conflicting types for built-in function `snprintf'
configure:22698: $? = 0
configure:22702: test -z 
			 || test ! -s conftest.err
configure:22705: $? = 0
configure:22708: test -s conftest
configure:22711: $? = 0
configure:22723: result: yes
configure:22635: checking for tzset
configure:22692: gcc -o conftest -g -O2 -Wall -Wchar-subscripts -Wmissing-prototypes -Wmissing-declarations -Wunused -Wpointer-arith -Wwrite-strings -Wnested-externs -Wno-sign-compare   conftest.c  -lm >&5
configure:22698: $? = 0
configure:22702: test -z 
			 || test ! -s conftest.err
configure:22705: $? = 0
configure:22708: test -s conftest
configure:22711: $? = 0
configure:22723: result: yes
configure:22635: checking for vsnprintf
configure:22692: gcc -o conftest -g -O2 -Wall -Wchar-subscripts -Wmissing-prototypes -Wmissing-declarations -Wunused -Wpointer-arith -Wwrite-strings -Wnested-externs -Wno-sign-compare   conftest.c  -lm >&5
conftest.c:80: warning: conflicting types for built-in function `vsnprintf'
configure:22698: $? = 0
configure:22702: test -z 
			 || test ! -s conftest.err
configure:22705: $? = 0
configure:22708: test -s conftest
configure:22711: $? = 0
configure:22723: result: yes
configure:22635: checking for getpwuid
configure:22692: gcc -o conftest -g -O2 -Wall -Wchar-subscripts -Wmissing-prototypes -Wmissing-declarations -Wunused -Wpointer-arith -Wwrite-strings -Wnested-externs -Wno-sign-compare   conftest.c  -lm >&5
configure:22698: $? = 0
configure:22702: test -z 
			 || test ! -s conftest.err
configure:22705: $? = 0
configure:22708: test -s conftest
configure:22711: $? = 0
configure:22723: result: yes
configure:22635: checking for geteuid
configure:22692: gcc -o conftest -g -O2 -Wall -Wchar-subscripts -Wmissing-prototypes -Wmissing-declarations -Wunused -Wpointer-arith -Wwrite-strings -Wnested-externs -Wno-sign-compare   conftest.c  -lm >&5
configure:22698: $? = 0
configure:22702: test -z 
			 || test ! -s conftest.err
configure:22705: $? = 0
configure:22708: test -s conftest
configure:22711: $? = 0
configure:22723: result: yes
configure:22734: checking for struct tm.tm_gmtoff
configure:22758: gcc -c -g -O2 -Wall -Wchar-subscripts -Wmissing-prototypes -Wmissing-declarations -Wunused -Wpointer-arith -Wwrite-strings -Wnested-externs -Wno-sign-compare  conftest.c >&5
configure:22764: $? = 0
configure:22768: test -z 
			 || test ! -s conftest.err
configure:22771: $? = 0
configure:22774: test -s conftest.o
configure:22777: $? = 0
configure:22835: result: yes
configure:22847: checking whether time.h defines daylight and timezone variables
configure:22877: gcc -o conftest -g -O2 -Wall -Wchar-subscripts -Wmissing-prototypes -Wmissing-declarations -Wunused -Wpointer-arith -Wwrite-strings -Wnested-externs -Wno-sign-compare   conftest.c  -lm >&5
configure:22880: $? = 0
configure:22882: ./conftest
configure:22885: $? = 0
configure:22904: result: yes
configure:22906: checking whether time.h defines tzname variable
configure:22934: gcc -o conftest -g -O2 -Wall -Wchar-subscripts -Wmissing-prototypes -Wmissing-declarations -Wunused -Wpointer-arith -Wwrite-strings -Wnested-externs -Wno-sign-compare   conftest.c  -lm >&5
configure:22937: $? = 0
configure:22939: ./conftest
configure:22942: $? = 1
configure: program exited with status 1
configure: failed program was:
| /* confdefs.h.  */
| 
| #define PACKAGE_NAME "libcdio"
| #define PACKAGE_TARNAME "libcdio"
| #define PACKAGE_VERSION "0.76"
| #define PACKAGE_STRING "libcdio 0.76"
| #define PACKAGE_BUGREPORT ""
| #define PACKAGE "libcdio"
| #define VERSION "0.76"
| #ifdef __cplusplus
| extern "C" void std::exit (int) throw (); using std::exit;
| #endif
| #define LIBCDIO_CONFIG_H 1
| #define STDC_HEADERS 1
| #define HAVE_SYS_TYPES_H 1
| #define HAVE_SYS_STAT_H 1
| #define HAVE_STDLIB_H 1
| #define HAVE_STRING_H 1
| #define HAVE_MEMORY_H 1
| #define HAVE_STRINGS_H 1
| #define HAVE_INTTYPES_H 1
| #define HAVE_STDINT_H 1
| #define HAVE_UNISTD_H 1
| #define HAVE_ERRNO_H 1
| #define HAVE_FCNTL_H 1
| #define HAVE_GLOB_H 1
| #define HAVE_PWD_H 1
| #define HAVE_STDARG_H 1
| #define HAVE_STDBOOL_H 1
| #define HAVE_STDIO_H 1
| #define HAVE_SYS_PARAM_H 1
| #define HAVE_NCURSES_H 1
| #define HAVE_ISOC99_PRAGMA
| #define HAVE_GETOPT_LONG
| #define HAVE_S_ISLNK
| #define HAVE_S_ISSOCK
| #define EMPTY_ARRAY_SIZE 
| #define BITFIELD_LSBF
| #define HAVE_DLFCN_H 1
| #define HAVE_LINUX_VERSION_H 1
| #define HAVE_LINUX_MAJOR_H 1
| #define HAVE_LINUX_CDROM_H 1
| #define HAVE_LINUX_CDROM_TIMEOUT 1
| #define HAVE_LINUX_CDROM 1
| #define LIBCDIO_SOURCE_PATH "/home/thiemo/devel/reelbox/reelbox/src/libs/libcdio-0.76"
| #define HAVE_BZERO 1
| #define HAVE_DRAND48 1
| #define HAVE_RAND 1
| #define HAVE_FTRUNCATE 1
| #define HAVE_LSTAT 1
| #define HAVE_MEMCPY 1
| #define HAVE_MEMSET 1
| #define HAVE_SNPRINTF 1
| #define HAVE_TZSET 1
| #define HAVE_VSNPRINTF 1
| #define HAVE_GETPWUID 1
| #define HAVE_GETEUID 1
| #define HAVE_TM_GMTOFF 1
| #define HAVE_DAYLIGHT 1
| /* end confdefs.h.  */
| 
| #include <time.h>
| 
| 
|        extern char *tzname[2];
| 
| int
|  main() {
|   return (tzname != NULL);
| }
| 
configure:22961: result: no
configure:23015: checking for ld used by GCC
configure:23079: result: /usr/i586-suse-linux/bin/ld
configure:23088: checking if the linker (/usr/i586-suse-linux/bin/ld) is GNU ld
configure:23101: result: yes
configure:23108: checking for shared library run path origin
configure:23121: result: done
configure:23551: checking for iconv
configure:23578: gcc -o conftest -g -O2 -Wall -Wchar-subscripts -Wmissing-prototypes -Wmissing-declarations -Wunused -Wpointer-arith -Wwrite-strings -Wnested-externs -Wno-sign-compare   conftest.c  -lm >&5
configure:23584: $? = 0
configure:23588: test -z 
			 || test ! -s conftest.err
configure:23591: $? = 0
configure:23594: test -s conftest
configure:23597: $? = 0
configure:23663: result: yes
configure:23686: checking for iconv declaration
configure:23720: gcc -c -g -O2 -Wall -Wchar-subscripts -Wmissing-prototypes -Wmissing-declarations -Wunused -Wpointer-arith -Wwrite-strings -Wnested-externs -Wno-sign-compare  conftest.c >&5
configure:23726: $? = 0
configure:23730: test -z 
			 || test ! -s conftest.err
configure:23733: $? = 0
configure:23736: test -s conftest.o
configure:23739: $? = 0
configure:23754: result: 
         extern size_t iconv (iconv_t cd, char * *inbuf, size_t *inbytesleft, char * *outbuf, size_t *outbytesleft);
configure:23765: checking for nl_langinfo and CODESET
configure:23786: gcc -o conftest -g -O2 -Wall -Wchar-subscripts -Wmissing-prototypes -Wmissing-declarations -Wunused -Wpointer-arith -Wwrite-strings -Wnested-externs -Wno-sign-compare   conftest.c  -lm >&5
conftest.c: In function `main':
conftest.c:67: warning: unused variable `cs'
configure:23792: $? = 0
configure:23796: test -z 
			 || test ! -s conftest.err
configure:23799: $? = 0
configure:23802: test -s conftest
configure:23805: $? = 0
configure:23818: result: yes
configure:23890: checking for pkg-config
configure:23908: found /usr/bin/pkg-config
configure:23921: result: /usr/bin/pkg-config
configure:23938: checking for libcddb >= 1.0.1
configure:23984: WARNING: new enough libcddb not found. CDDB access disabled. Get libcddb from http://libcddb.sourceforge.net
configure:23990: checking for connect in -lsocket
configure:24020: gcc -o conftest -g -O2 -Wall -Wchar-subscripts -Wmissing-prototypes -Wmissing-declarations -Wunused -Wpointer-arith -Wwrite-strings -Wnested-externs -Wno-sign-compare   conftest.c -lsocket   -lm >&5
/usr/lib/gcc-lib/i586-suse-linux/3.3.5/../../../../i586-suse-linux/bin/ld: cannot find -lsocket
collect2: ld returned 1 exit status
configure:24026: $? = 1
configure: failed program was:
| /* confdefs.h.  */
| 
| #define PACKAGE_NAME "libcdio"
| #define PACKAGE_TARNAME "libcdio"
| #define PACKAGE_VERSION "0.76"
| #define PACKAGE_STRING "libcdio 0.76"
| #define PACKAGE_BUGREPORT ""
| #define PACKAGE "libcdio"
| #define VERSION "0.76"
| #ifdef __cplusplus
| extern "C" void std::exit (int) throw (); using std::exit;
| #endif
| #define LIBCDIO_CONFIG_H 1
| #define STDC_HEADERS 1
| #define HAVE_SYS_TYPES_H 1
| #define HAVE_SYS_STAT_H 1
| #define HAVE_STDLIB_H 1
| #define HAVE_STRING_H 1
| #define HAVE_MEMORY_H 1
| #define HAVE_STRINGS_H 1
| #define HAVE_INTTYPES_H 1
| #define HAVE_STDINT_H 1
| #define HAVE_UNISTD_H 1
| #define HAVE_ERRNO_H 1
| #define HAVE_FCNTL_H 1
| #define HAVE_GLOB_H 1
| #define HAVE_PWD_H 1
| #define HAVE_STDARG_H 1
| #define HAVE_STDBOOL_H 1
| #define HAVE_STDIO_H 1
| #define HAVE_SYS_PARAM_H 1
| #define HAVE_NCURSES_H 1
| #define HAVE_ISOC99_PRAGMA
| #define HAVE_GETOPT_LONG
| #define HAVE_S_ISLNK
| #define HAVE_S_ISSOCK
| #define EMPTY_ARRAY_SIZE 
| #define BITFIELD_LSBF
| #define HAVE_DLFCN_H 1
| #define HAVE_LINUX_VERSION_H 1
| #define HAVE_LINUX_MAJOR_H 1
| #define HAVE_LINUX_CDROM_H 1
| #define HAVE_LINUX_CDROM_TIMEOUT 1
| #define HAVE_LINUX_CDROM 1
| #define LIBCDIO_SOURCE_PATH "/home/thiemo/devel/reelbox/reelbox/src/libs/libcdio-0.76"
| #define HAVE_BZERO 1
| #define HAVE_DRAND48 1
| #define HAVE_RAND 1
| #define HAVE_FTRUNCATE 1
| #define HAVE_LSTAT 1
| #define HAVE_MEMCPY 1
| #define HAVE_MEMSET 1
| #define HAVE_SNPRINTF 1
| #define HAVE_TZSET 1
| #define HAVE_VSNPRINTF 1
| #define HAVE_GETPWUID 1
| #define HAVE_GETEUID 1
| #define HAVE_TM_GMTOFF 1
| #define HAVE_DAYLIGHT 1
| #define HAVE_ICONV 1
| #define ICONV_CONST 
| #define HAVE_LANGINFO_CODESET 1
| #define HAVE_JOLIET 1
| #define HAVE_ROCK 1
| /* end confdefs.h.  */
| 
| /* Override any gcc2 internal prototype to avoid an error.  */
| #ifdef __cplusplus
| extern "C"
| #endif
| /* We use char because int might match the return type of a gcc2
|    builtin and then its argument prototype would still apply.  */
| char connect ();
| int
| main ()
| {
| connect ();
|   ;
|   return 0;
| }
configure:24052: result: no
configure:24063: checking for gethostbyname
configure:24120: gcc -o conftest -g -O2 -Wall -Wchar-subscripts -Wmissing-prototypes -Wmissing-declarations -Wunused -Wpointer-arith -Wwrite-strings -Wnested-externs -Wno-sign-compare   conftest.c  -lm >&5
configure:24126: $? = 0
configure:24130: test -z 
			 || test ! -s conftest.err
configure:24133: $? = 0
configure:24136: test -s conftest
configure:24139: $? = 0
configure:24151: result: yes
configure:24533: checking for libvcdinfo >= 0.7.21
configure:24578: WARNING: a new enough libvcdinfo not found.
VCD info display in cd-info disabled.
libvcdinfo is part of vcdimager. Get it from http://vcdimager.org
configure:24836: creating ./config.status

## ---------------------- ##
## Running config.status. ##
## ---------------------- ##

This file was extended by libcdio config.status 0.76, which was
generated by GNU Autoconf 2.59.  Invocation command line was

  CONFIG_FILES    = 
  CONFIG_HEADERS  = 
  CONFIG_LINKS    = 
  CONFIG_COMMANDS = 
  $ ./config.status 

on RollerCoaster

config.status:823: creating Makefile
config.status:823: creating example/C++/Makefile
config.status:823: creating example/Makefile
config.status:823: creating include/Makefile
config.status:823: creating include/cdio/Makefile
config.status:823: creating include/cdio/version.h
config.status:823: creating doc/doxygen/Doxyfile
config.status:823: creating doc/Makefile
config.status:823: creating lib/Makefile
config.status:823: creating lib/cdda_interface/Makefile
config.status:823: creating lib/driver/Makefile
config.status:823: creating lib/iso9660/Makefile
config.status:823: creating lib/paranoia/Makefile
config.status:823: creating libcdio.pc
config.status:823: creating libcdio_cdda.pc
config.status:823: creating libcdio_paranoia.pc
config.status:823: creating libiso9660.pc
config.status:823: creating package/libcdio.spec
config.status:823: creating src/cd-paranoia/Makefile
config.status:823: creating src/cd-paranoia/usage.txt
config.status:823: creating src/cd-paranoia/doc/Makefile
config.status:823: creating src/cd-paranoia/doc/en/cd-paranoia.1
config.status:823: creating src/cd-paranoia/doc/en/Makefile
config.status:823: creating src/cd-paranoia/doc/jp/cd-paranoia.1
config.status:823: creating src/cd-paranoia/doc/jp/Makefile
config.status:823: creating src/Makefile
config.status:823: creating test/check_nrg.sh
config.status:823: creating test/check_cue.sh
config.status:823: creating test/check_iso.sh
config.status:823: creating test/check_paranoia.sh
config.status:823: creating test/check_common_fn
config.status:823: creating test/Makefile
config.status:927: creating config.h
config.status:1317: executing depfiles commands
config.status:1317: executing checks commands
config.status:1317: executing default commands

## ---------------- ##
## Cache variables. ##
## ---------------- ##

ac_cv_build=i686-pc-linux-gnu
ac_cv_build_alias=i686-pc-linux-gnu
ac_cv_c_bigendian=no
ac_cv_c_compiler_gnu=yes
ac_cv_c_const=yes
ac_cv_c_inline=inline
ac_cv_cxx_compiler_gnu=yes
ac_cv_env_CC_set=
ac_cv_env_CC_value=
ac_cv_env_CFLAGS_set=
ac_cv_env_CFLAGS_value=
ac_cv_env_CPPFLAGS_set=
ac_cv_env_CPPFLAGS_value=
ac_cv_env_CPP_set=
ac_cv_env_CPP_value=
ac_cv_env_CXXCPP_set=
ac_cv_env_CXXCPP_value=
ac_cv_env_CXXFLAGS_set=
ac_cv_env_CXXFLAGS_value=
ac_cv_env_CXX_set=
ac_cv_env_CXX_value=
ac_cv_env_F77_set=
ac_cv_env_F77_value=
ac_cv_env_FFLAGS_set=
ac_cv_env_FFLAGS_value=
ac_cv_env_LDFLAGS_set=
ac_cv_env_LDFLAGS_value=
ac_cv_env_build_alias_set=
ac_cv_env_build_alias_value=
ac_cv_env_host_alias_set=
ac_cv_env_host_alias_value=
ac_cv_env_target_alias_set=
ac_cv_env_target_alias_value=
ac_cv_exeext=
ac_cv_f77_compiler_gnu=no
ac_cv_func_bzero=yes
ac_cv_func_drand48=yes
ac_cv_func_ftruncate=yes
ac_cv_func_geteuid=yes
ac_cv_func_gethostbyname=yes
ac_cv_func_getpwuid=yes
ac_cv_func_lstat=yes
ac_cv_func_memcpy=yes
ac_cv_func_memset=yes
ac_cv_func_rand=yes
ac_cv_func_snprintf=yes
ac_cv_func_tzset=yes
ac_cv_func_vsnprintf=yes
ac_cv_header_dlfcn_h=yes
ac_cv_header_errno_h=yes
ac_cv_header_fcntl_h=yes
ac_cv_header_glob_h=yes
ac_cv_header_inttypes_h=yes
ac_cv_header_linux_cdrom_h=yes
ac_cv_header_linux_major_h=yes
ac_cv_header_linux_version_h=yes
ac_cv_header_memory_h=yes
ac_cv_header_ncurses_h=yes
ac_cv_header_pwd_h=yes
ac_cv_header_stdarg_h=yes
ac_cv_header_stdbool_h=yes
ac_cv_header_stdc=yes
ac_cv_header_stdint_h=yes
ac_cv_header_stdio_h=yes
ac_cv_header_stdlib_h=yes
ac_cv_header_string_h=yes
ac_cv_header_strings_h=yes
ac_cv_header_sys_cdio_h=no
ac_cv_header_sys_param_h=yes
ac_cv_header_sys_stat_h=yes
ac_cv_header_sys_types_h=yes
ac_cv_header_unistd_h=yes
ac_cv_host=i686-pc-linux-gnu
ac_cv_host_alias=i686-pc-linux-gnu
ac_cv_lib_m_cos=yes
ac_cv_lib_socket_connect=no
ac_cv_member_struct_tm_tm_gmtoff=yes
ac_cv_objext=o
ac_cv_path_CMP=/usr/bin/cmp
ac_cv_path_DIFF=/usr/bin/diff
ac_cv_path_OLD_CDPARANOIA=/usr/bin/cdparanoia
ac_cv_path_PERL=/usr/bin/perl
ac_cv_path_PKG_CONFIG=/usr/bin/pkg-config
ac_cv_path_install='/usr/bin/install -c'
ac_cv_prog_AWK=gawk
ac_cv_prog_CPP='gcc -E'
ac_cv_prog_CXXCPP='g++ -E'
ac_cv_prog_ac_ct_AR=ar
ac_cv_prog_ac_ct_CC=gcc
ac_cv_prog_ac_ct_CXX=g++
ac_cv_prog_ac_ct_RANLIB=ranlib
ac_cv_prog_ac_ct_STRIP=strip
ac_cv_prog_cc_g=yes
ac_cv_prog_cc_stdc=
ac_cv_prog_cxx_g=yes
ac_cv_prog_egrep='grep -E'
ac_cv_prog_f77_g=no
ac_cv_prog_make_make_set=yes
acl_cv_path_LD=/usr/i586-suse-linux/bin/ld
acl_cv_prog_gnu_ld=yes
acl_cv_rpath=done
am_cv_CC_dependencies_compiler_type=gcc3
am_cv_CXX_dependencies_compiler_type=gcc3
am_cv_func_iconv=yes
am_cv_langinfo_codeset=yes
am_cv_lib_iconv=no
am_cv_proto_iconv='extern size_t iconv (iconv_t cd, char * *inbuf, size_t *inbytesleft, char * *outbuf, size_t *outbytesleft);'
am_cv_proto_iconv_arg1=
lt_cv_deplibs_check_method=pass_all
lt_cv_file_magic_cmd='$MAGIC_CMD'
lt_cv_file_magic_test_file=
lt_cv_ld_reload_flag=-r
lt_cv_objdir=.libs
lt_cv_path_LD=/usr/i586-suse-linux/bin/ld
lt_cv_path_LDCXX=/usr/i586-suse-linux/bin/ld
lt_cv_path_NM='/usr/bin/nm -B'
lt_cv_path_SED=/usr/bin/sed
lt_cv_prog_compiler_c_o=yes
lt_cv_prog_compiler_c_o_CXX=yes
lt_cv_prog_compiler_rtti_exceptions=no
lt_cv_prog_gnu_ld=yes
lt_cv_prog_gnu_ldcxx=yes
lt_cv_sys_global_symbol_pipe='sed -n -e '\''s/^.*[ 	]\([ABCDGIRSTW][ABCDGIRSTW]*\)[ 	][ 	]*\([_A-Za-z][_A-Za-z0-9]*\)$/\1 \2 \2/p'\'''
lt_cv_sys_global_symbol_to_c_name_address='sed -n -e '\''s/^: \([^ ]*\) $/  {\"\1\", (lt_ptr) 0},/p'\'' -e '\''s/^[BCDEGRST] \([^ ]*\) \([^ ]*\)$/  {"\2", (lt_ptr) \&\2},/p'\'''
lt_cv_sys_global_symbol_to_cdecl='sed -n -e '\''s/^. .* \(.*\)$/extern int \1;/p'\'''
lt_cv_sys_max_cmd_len=32768
lt_lt_cv_prog_compiler_c_o='"yes"'
lt_lt_cv_prog_compiler_c_o_CXX='"yes"'
lt_lt_cv_sys_global_symbol_pipe='"sed -n -e '\''s/^.*[ 	]\\([ABCDGIRSTW][ABCDGIRSTW]*\\)[ 	][ 	]*\\([_A-Za-z][_A-Za-z0-9]*\\)\$/\\1 \\2 \\2/p'\''"'
lt_lt_cv_sys_global_symbol_to_c_name_address='"sed -n -e '\''s/^: \\([^ ]*\\) \$/  {\\\"\\1\\\", (lt_ptr) 0},/p'\'' -e '\''s/^[BCDEGRST] \\([^ ]*\\) \\([^ ]*\\)\$/  {\"\\2\", (lt_ptr) \\&\\2},/p'\''"'
lt_lt_cv_sys_global_symbol_to_cdecl='"sed -n -e '\''s/^. .* \\(.*\\)\$/extern int \\1;/p'\''"'

## ----------------- ##
## Output variables. ##
## ----------------- ##

ACLOCAL='${SHELL} /home/thiemo/devel/reelbox/reelbox/src/libs/libcdio-0.76/missing --run aclocal-1.9'
AMDEPBACKSLASH='\'
AMDEP_FALSE='#'
AMDEP_TRUE=''
AMTAR='${SHELL} /home/thiemo/devel/reelbox/reelbox/src/libs/libcdio-0.76/missing --run tar'
AR='ar'
AUTOCONF='${SHELL} /home/thiemo/devel/reelbox/reelbox/src/libs/libcdio-0.76/missing --run autoconf'
AUTOHEADER='${SHELL} /home/thiemo/devel/reelbox/reelbox/src/libs/libcdio-0.76/missing --run autoheader'
AUTOMAKE='${SHELL} /home/thiemo/devel/reelbox/reelbox/src/libs/libcdio-0.76/missing --run automake-1.9'
AWK='gawk'
BUILD_CDDA_PLAYER_FALSE=''
BUILD_CDDA_PLAYER_TRUE='#'
BUILD_CDINFO_FALSE=''
BUILD_CDINFO_LINUX_FALSE=''
BUILD_CDINFO_LINUX_TRUE='#'
BUILD_CDINFO_TRUE='#'
BUILD_CDIOTEST_FALSE=''
BUILD_CDIOTEST_TRUE='#'
BUILD_CD_DRIVE_FALSE=''
BUILD_CD_DRIVE_TRUE='#'
BUILD_CD_PARANOIA_FALSE=''
BUILD_CD_PARANOIA_TRUE='#'
BUILD_CD_READ_FALSE=''
BUILD_CD_READ_TRUE='#'
BUILD_ISO_INFO_FALSE=''
BUILD_ISO_INFO_TRUE='#'
BUILD_ISO_READ_FALSE=''
BUILD_ISO_READ_TRUE='#'
BUILD_VERSIONED_LIBS_FALSE='#'
BUILD_VERSIONED_LIBS_TRUE=''
CC='gcc'
CCDEPMODE='depmode=gcc3'
CDDA_PLAYER_LIBS=''
CDDB_CFLAGS=''
CDDB_LIBS=''
CDPARANOIA_NAME='yes'
CFLAGS='-g -O2 -Wall -Wchar-subscripts -Wmissing-prototypes -Wmissing-declarations -Wunused -Wpointer-arith -Wwrite-strings -Wnested-externs -Wno-sign-compare'
CMP='/usr/bin/cmp'
COS_LIB='-lm'
CPP='gcc -E'
CPPFLAGS=''
CVS2CL='${SHELL} /home/thiemo/devel/reelbox/reelbox/src/libs/libcdio-0.76/missing --run cvs2cl'
CXX='g++'
CXXCPP='g++ -E'
CXXDEPMODE='depmode=gcc3'
CXXFLAGS='-g -O2'
CYGPATH_W='echo'
CYGWIN_FALSE=''
CYGWIN_TRUE='#'
DARWIN_PKG_LIB_HACK=''
DEFS='-DHAVE_CONFIG_H'
DEPDIR='.deps'
DIFF='/usr/bin/diff'
DIFF_OPTS=' -w --unified'
DISABLE_CPP_FALSE=''
DISABLE_CPP_TRUE='#'
ECHO='echo'
ECHO_C=''
ECHO_N='-n'
ECHO_T=''
EGREP='grep -E'
ENABLE_CPP_FALSE='#'
ENABLE_CPP_TRUE=''
ENABLE_ROCK_FALSE='#'
ENABLE_ROCK_TRUE=''
EXEEXT=''
F77=''
FFLAGS=''
HAVE_BSDI_CDROM=''
HAVE_DARWIN_CDROM=''
HAVE_FREEBSD_CDROM=''
HAVE_GETOPT_LONG_FALSE='#'
HAVE_GETOPT_LONG_TRUE=''
HAVE_JOLIET='1'
HAVE_LINUX_CDROM=''
HAVE_PERL_FALSE='#'
HAVE_PERL_TRUE=''
HAVE_ROCK='1'
HAVE_SOLARIS_CDROM=''
HAVE_WIN32_CDROM=''
HELP2MAN='${SHELL} /home/thiemo/devel/reelbox/reelbox/src/libs/libcdio-0.76/missing --run help2man'
INSTALL_DATA='${INSTALL} -m 644'
INSTALL_PROGRAM='${INSTALL}'
INSTALL_SCRIPT='${INSTALL}'
INSTALL_STRIP_PROGRAM='${SHELL} $(install_sh) -c -s'
LDFLAGS=''
LIBCDIO_CDDA_LIBS='$(top_builddir)/lib/cdda_interface/libcdio_cdda.la'
LIBCDIO_CFLAGS='-I$(top_srcdir)/lib/driver -I$(top_srcdir)/include/'
LIBCDIO_LIBS='$(top_builddir)/lib/driver/libcdio.la'
LIBCDIO_PARANOIA_LIBS='$(top_builddir)/lib/paranoia/libcdio_paranoia.la'
LIBCDIO_SOURCE_PATH='/home/thiemo/devel/reelbox/reelbox/src/libs/libcdio-0.76'
LIBCDIO_VERSION_NUM='76'
LIBICONV=''
LIBISO9660_CFLAGS='-I$(top_srcdir)/lib/iso9660/'
LIBISO9660_LIBS='$(top_builddir)/lib/iso9660/libiso9660.la'
LIBOBJS=''
LIBPOPT_CFLAGS=''
LIBPOPT_LIBS=''
LIBS=' -lm'
LIBTOOL='$(SHELL) $(top_builddir)/libtool'
LINUX_CDROM_TIMEOUT=''
LN_S='ln -s'
LTLIBICONV=''
LTLIBOBJS=''
MAINT='#'
MAINTAINER_MODE_FALSE=''
MAINTAINER_MODE_TRUE='#'
MAKEINFO='${SHELL} /home/thiemo/devel/reelbox/reelbox/src/libs/libcdio-0.76/missing --run makeinfo'
OBJEXT='o'
OLD_CDPARANOIA='/usr/bin/cdparanoia'
PACKAGE='libcdio'
PACKAGE_BUGREPORT=''
PACKAGE_NAME='libcdio'
PACKAGE_STRING='libcdio 0.76'
PACKAGE_TARNAME='libcdio'
PACKAGE_VERSION='0.76'
PATH_SEPARATOR=':'
PERL='/usr/bin/perl'
PKG_CONFIG='/usr/bin/pkg-config'
RANLIB='ranlib'
SBPCD_H=''
SET_MAKE=''
SHELL='/bin/sh'
STRIP='strip'
TYPESIZES=''
UCDROM_H=''
VCDINFO_CFLAGS=''
VCDINFO_LIBS=''
VERSION='0.76'
ac_ct_AR='ar'
ac_ct_CC='gcc'
ac_ct_CXX='g++'
ac_ct_F77=''
ac_ct_RANLIB='ranlib'
ac_ct_STRIP='strip'
am__fastdepCC_FALSE='#'
am__fastdepCC_TRUE=''
am__fastdepCXX_FALSE='#'
am__fastdepCXX_TRUE=''
am__include='include'
am__leading_dot='.'
am__quote=''
am__tar='${AMTAR} chof - "$$tardir"'
am__untar='${AMTAR} xf -'
bindir='${exec_prefix}/bin'
build='i686-pc-linux-gnu'
build_alias=''
build_cpu='i686'
build_os='linux-gnu'
build_vendor='pc'
datadir='${prefix}/share'
exec_prefix='${prefix}'
host='i686-pc-linux-gnu'
host_alias=''
host_cpu='i686'
host_os='linux-gnu'
host_vendor='pc'
includedir='${prefix}/include'
infodir='${prefix}/info'
install_sh='/home/thiemo/devel/reelbox/reelbox/src/libs/libcdio-0.76/install-sh'
libdir='${exec_prefix}/lib'
libexecdir='${exec_prefix}/libexec'
localstatedir='${prefix}/var'
mandir='${prefix}/man'
mkdir_p='mkdir -p --'
oldincludedir='/usr/include'
prefix='/usr/local'
program_transform_name='s,x,x,'
sbindir='${exec_prefix}/sbin'
sharedstatedir='${prefix}/com'
sysconfdir='${prefix}/etc'
target_alias=''

## ----------- ##
## confdefs.h. ##
## ----------- ##

#define BITFIELD_LSBF
#define EMPTY_ARRAY_SIZE 
#define HAVE_BZERO 1
#define HAVE_DAYLIGHT 1
#define HAVE_DLFCN_H 1
#define HAVE_DRAND48 1
#define HAVE_ERRNO_H 1
#define HAVE_FCNTL_H 1
#define HAVE_FTRUNCATE 1
#define HAVE_GETEUID 1
#define HAVE_GETOPT_LONG
#define HAVE_GETPWUID 1
#define HAVE_GLOB_H 1
#define HAVE_ICONV 1
#define HAVE_INTTYPES_H 1
#define HAVE_ISOC99_PRAGMA
#define HAVE_JOLIET 1
#define HAVE_KEYPAD
#define HAVE_LANGINFO_CODESET 1
#define HAVE_LINUX_CDROM 1
#define HAVE_LINUX_CDROM_H 1
#define HAVE_LINUX_CDROM_TIMEOUT 1
#define HAVE_LINUX_MAJOR_H 1
#define HAVE_LINUX_VERSION_H 1
#define HAVE_LSTAT 1
#define HAVE_MEMCPY 1
#define HAVE_MEMORY_H 1
#define HAVE_MEMSET 1
#define HAVE_NCURSES_H 1
#define HAVE_PWD_H 1
#define HAVE_RAND 1
#define HAVE_ROCK 1
#define HAVE_SNPRINTF 1
#define HAVE_STDARG_H 1
#define HAVE_STDBOOL_H 1
#define HAVE_STDINT_H 1
#define HAVE_STDIO_H 1
#define HAVE_STDLIB_H 1
#define HAVE_STRINGS_H 1
#define HAVE_STRING_H 1
#define HAVE_SYS_PARAM_H 1
#define HAVE_SYS_STAT_H 1
#define HAVE_SYS_TYPES_H 1
#define HAVE_S_ISLNK
#define HAVE_S_ISSOCK
#define HAVE_TM_GMTOFF 1
#define HAVE_TZSET 1
#define HAVE_UNISTD_H 1
#define HAVE_VSNPRINTF 1
#define ICONV_CONST 
#define LIBCDIO_CONFIG_H 1
#define LIBCDIO_SOURCE_PATH "/home/thiemo/devel/reelbox/reelbox/src/libs/libcdio-0.76"
#define PACKAGE "libcdio"
#define PACKAGE_BUGREPORT ""
#define PACKAGE_NAME "libcdio"
#define PACKAGE_STRING "libcdio 0.76"
#define PACKAGE_TARNAME "libcdio"
#define PACKAGE_VERSION "0.76"
#define STDC_HEADERS 1
#define VERSION "0.76"
#endif
#ifdef __cplusplus
extern "C" void std::exit (int) throw (); using std::exit;

configure: exit 0
